c:\temp\ssnar_cpp\slam-application\debug\vc141.pdb
c:\temp\ssnar_cpp\slam-application\debug\vc141.idb
c:\temp\ssnar_cpp\slam-application\debug\robot.obj
c:\temp\ssnar_cpp\slam-application\debug\path.obj
c:\temp\ssnar_cpp\slam-application\debug\panel_base.obj
c:\temp\ssnar_cpp\slam-application\debug\panel.obj
c:\temp\ssnar_cpp\slam-application\debug\obstructable_grid.obj
c:\temp\ssnar_cpp\slam-application\debug\mqtt_utility.obj
c:\temp\ssnar_cpp\slam-application\debug\mqtt_panel.obj
c:\temp\ssnar_cpp\slam-application\debug\mqtt.obj
c:\temp\ssnar_cpp\slam-application\debug\lines.obj
c:\temp\ssnar_cpp\slam-application\debug\imgui-sfml.obj
c:\temp\ssnar_cpp\slam-application\debug\grid_util.obj
c:\temp\ssnar_cpp\slam-application\debug\grid_path_solver.obj
c:\temp\ssnar_cpp\slam-application\debug\grid.obj
c:\temp\ssnar_cpp\slam-application\debug\control_panel.obj
c:\temp\ssnar_cpp\slam-application\debug\clicks.obj
c:\temp\ssnar_cpp\slam-application\debug\circle_grid.obj
c:\temp\ssnar_cpp\slam-application\debug\circles.obj
c:\temp\ssnar_cpp\slam-application\debug\animated_line.obj
c:\temp\ssnar_cpp\slam-application\debug\main_panel.obj
c:\temp\ssnar_cpp\slam-application\debug\main.obj
c:\temp\ssnar_cpp\slam-application\debug\target_panel.obj
c:\temp\ssnar_cpp\slam-application\debug\window.obj
c:\temp\ssnar_cpp\slam-application\debug\slam_utility.obj
c:\temp\ssnar_cpp\slam-application\debug\slam_message.obj
c:\temp\ssnar_cpp\slam-application\debug\slam_grid.obj
c:\temp\ssnar_cpp\slam-application\debug\robot_simulation.obj
c:\temp\ssnar_cpp\slam-application\debug\robots.obj
c:\temp\ssnar_cpp\slam-application\debug\simulation_panel.obj
c:\temp\ssnar_cpp\slam-application\debug\robot_navigation.obj
c:\temp\ssnar_cpp\debug\slam-application.exe
c:\temp\ssnar_cpp\debug\slam-application.ilk
c:\temp\ssnar_cpp\debug\slam-application.pdb
c:\temp\ssnar_cpp\slam-application\debug\vcpkg.applocal.log
c:\temp\ssnar_cpp\debug\boost_context-vc142-mt-gd-x32-1_70.dll
c:\temp\ssnar_cpp\debug\boost_fiber-vc142-mt-gd-x32-1_70.dll
c:\temp\ssnar_cpp\debug\paho-mqtt3a.dll
c:\temp\ssnar_cpp\debug\sfml-graphics-d-2.dll
c:\temp\ssnar_cpp\debug\sfml-window-d-2.dll
c:\temp\ssnar_cpp\debug\sfml-system-d-2.dll
c:\temp\ssnar_cpp\debug\freetyped.dll
c:\temp\ssnar_cpp\debug\zlibd1.dll
c:\temp\ssnar_cpp\debug\bz2d.dll
c:\temp\ssnar_cpp\debug\libpng16d.dll
c:\temp\ssnar_cpp\slam-application\debug\slam-application.tlog\cl.command.1.tlog
c:\temp\ssnar_cpp\slam-application\debug\slam-application.tlog\cl.read.1.tlog
c:\temp\ssnar_cpp\slam-application\debug\slam-application.tlog\cl.write.1.tlog
c:\temp\ssnar_cpp\slam-application\debug\slam-application.tlog\link.command.1.tlog
c:\temp\ssnar_cpp\slam-application\debug\slam-application.tlog\link.read.1.tlog
c:\temp\ssnar_cpp\slam-application\debug\slam-application.tlog\link.write.1.tlog
c:\temp\ssnar_cpp\slam-application\debug\slam-application.tlog\slam-application.write.1u.tlog
